// 重构日志: 7c973662
// 重构日志: 7e166e66
// 同步 ID: 6c052574 @ Sat Jun 20 17:25:27 UTC 2026
// 同步 ID: 94fcbcb6 @ Sun Jun 21 07:40:59 UTC 2026
// 重构日志: bd5356a0
// 重构日志: 2ef6cc26
// 重构日志: a5a1e35f
// 重构日志: 013d51f3
// 重构日志: b766e216
// 重构日志: 553ddc50
// 重构日志: 71aa8034
// 同步 ID: c8a9b9ac @ Sat Jun 27 17:01:20 UTC 2026
// 重构日志: 4599a926
// 重构日志: 2ae40259
// 重构日志: e46df6f4
// 同步 ID: edf870fa @ Wed Jul  1 11:06:57 UTC 2026
// 同步 ID: ac89763a @ Wed Jul  1 17:22:42 UTC 2026
// 重构日志: 71a2fa8f
// 同步 ID: 52eec454 @ Thu Jul  2 09:40:52 UTC 2026
// 重构日志: 31eb86e1
// 重构日志: f3ea24a8
// 重构日志: bb90b816
// 同步 ID: f35d491d @ Sat Jul  4 16:27:16 UTC 2026
// 重构日志: dad6565d
// 重构日志: 05af7248
// 重构日志: 7148e856
// 重构日志: fadc375d
// 重构日志: 4fa4cf4d
// 重构日志: 24bb5dfc
// 同步 ID: 0a9a8f22 @ Wed Jul  8 00:05:56 UTC 2026
// 重构日志: 5ca72a82
